[11:42:29.328] Global cache location '/Users/samuelbanya/Library/Caches/typescript/4.7', safe file path '/users/samuelbanya/.nvm/versions/node/v16.14.2/lib/node_modules/typescript/lib/typingsafelist.json', types map path /users/samuelbanya/.nvm/versions/node/v16.14.2/lib/node_modules/typescript/lib/typesmap.json
[11:42:29.330] Processing cache location '/Users/samuelbanya/Library/Caches/typescript/4.7'
[11:42:29.330] Trying to find '/Users/samuelbanya/Library/Caches/typescript/4.7/package.json'...
[11:42:29.332] Loaded content of '/Users/samuelbanya/Library/Caches/typescript/4.7/package.json': {"private":true,"dependencies":{"types-registry":"^0.1.611"},"devDependencies":{"@types/aria-query":"^5.0.0","@types/babel__core":"^7.1.19","@types/babel__preset-env":"^7.9.2","@types/chai":"^4.3.3","@types/d":"^1.0.1","@types/jest":"^28.1.6","@types/jsdom":"^20.0.0","@types/mocha":"^9.1.1","@types/node":"^18.0.0","@types/object-assign":"^4.0.30","@types/path-browserify":"^1.0.0","@types/probe-image-size":"^7.2.0","@types/prop-types":"^15.7.5","@types/react":"^18.0.15","@types/react-dom":"^18.0.6","@types/react-router":"^5.1.18","@types/react-router-dom":"^5.3.3","@types/sinon":"^10.0.13","@types/testing-library__jest-dom":"^5.14.5","@types/uuid":"^8.3.4"}}
[11:42:29.333] Loaded content of '/Users/samuelbanya/Library/Caches/typescript/4.7/package-lock.json'
[11:42:29.347] Adding entry into typings cache: 'aria-query' => '/Users/samuelbanya/Library/Caches/typescript/4.7/node_modules/@types/aria-query/index.d.ts'
[11:42:29.352] Adding entry into typings cache: 'babel__core' => '/Users/samuelbanya/Library/Caches/typescript/4.7/node_modules/@types/babel__core/index.d.ts'
[11:42:29.354] Adding entry into typings cache: 'babel__preset-env' => '/Users/samuelbanya/Library/Caches/typescript/4.7/node_modules/@types/babel__preset-env/index.d.ts'
[11:42:29.358] Adding entry into typings cache: 'chai' => '/Users/samuelbanya/Library/Caches/typescript/4.7/node_modules/@types/chai/index.d.ts'
[11:42:29.360] Adding entry into typings cache: 'd' => '/Users/samuelbanya/Library/Caches/typescript/4.7/node_modules/@types/d/index.d.ts'
[11:42:29.366] Adding entry into typings cache: 'jest' => '/Users/samuelbanya/Library/Caches/typescript/4.7/node_modules/@types/jest/index.d.ts'
[11:42:29.369] Adding entry into typings cache: 'jsdom' => '/Users/samuelbanya/Library/Caches/typescript/4.7/node_modules/@types/jsdom/index.d.ts'
[11:42:29.372] Adding entry into typings cache: 'mocha' => '/Users/samuelbanya/Library/Caches/typescript/4.7/node_modules/@types/mocha/index.d.ts'
[11:42:29.380] Adding entry into typings cache: 'node' => '/Users/samuelbanya/Library/Caches/typescript/4.7/node_modules/@types/node/index.d.ts'
[11:42:29.382] Adding entry into typings cache: 'object-assign' => '/Users/samuelbanya/Library/Caches/typescript/4.7/node_modules/@types/object-assign/index.d.ts'
[11:42:29.385] Adding entry into typings cache: 'path-browserify' => '/Users/samuelbanya/Library/Caches/typescript/4.7/node_modules/@types/path-browserify/index.d.ts'
[11:42:29.386] Adding entry into typings cache: 'probe-image-size' => '/Users/samuelbanya/Library/Caches/typescript/4.7/node_modules/@types/probe-image-size/index.d.ts'
[11:42:29.388] Adding entry into typings cache: 'prop-types' => '/Users/samuelbanya/Library/Caches/typescript/4.7/node_modules/@types/prop-types/index.d.ts'
[11:42:29.391] Adding entry into typings cache: 'react' => '/Users/samuelbanya/Library/Caches/typescript/4.7/node_modules/@types/react/index.d.ts'
[11:42:29.393] Adding entry into typings cache: 'react-dom' => '/Users/samuelbanya/Library/Caches/typescript/4.7/node_modules/@types/react-dom/index.d.ts'
[11:42:29.398] Adding entry into typings cache: 'react-router' => '/Users/samuelbanya/Library/Caches/typescript/4.7/node_modules/@types/react-router/index.d.ts'
[11:42:29.400] Adding entry into typings cache: 'react-router-dom' => '/Users/samuelbanya/Library/Caches/typescript/4.7/node_modules/@types/react-router-dom/index.d.ts'
[11:42:29.401] Adding entry into typings cache: 'sinon' => '/Users/samuelbanya/Library/Caches/typescript/4.7/node_modules/@types/sinon/index.d.ts'
[11:42:29.404] Adding entry into typings cache: 'testing-library__jest-dom' => '/Users/samuelbanya/Library/Caches/typescript/4.7/node_modules/@types/testing-library__jest-dom/index.d.ts'
[11:42:29.406] Adding entry into typings cache: 'uuid' => '/Users/samuelbanya/Library/Caches/typescript/4.7/node_modules/@types/uuid/index.d.ts'
[11:42:29.406] Finished processing cache location '/Users/samuelbanya/Library/Caches/typescript/4.7'
[11:42:29.407] Process id: 9690
[11:42:29.407] NPM location: /Users/samuelbanya/.nvm/versions/node/v16.14.2/bin/npm (explicit '--npmLocation' not  provided)
[11:42:29.407] validateDefaultNpmLocation: false
[11:42:29.407] Npm config file: /Users/samuelbanya/Library/Caches/typescript/4.7/package.json
[11:42:29.407] Updating types-registry npm package...
[11:42:29.408] Exec: /Users/samuelbanya/.nvm/versions/node/v16.14.2/bin/npm install --ignore-scripts types-registry@latest
[11:42:30.633]     Succeeded. stdout:
    
    changed 1 package, and audited 54 packages in 650ms

5 packages are looking for funding
  run `npm fund` for details

found 0 vulnerabilities

[11:42:30.634] Updated types-registry npm package
[11:42:31.290] Got install request {"projectName":"/dev/null/inferredProject1*","fileNames":["/Users/samuelbanya/.nvm/versions/node/v16.14.2/lib/node_modules/typescript/lib/lib.es5.d.ts","/Users/samuelbanya/.nvm/versions/node/v16.14.2/lib/node_modules/typescript/lib/lib.es2015.d.ts","/Users/samuelbanya/.nvm/versions/node/v16.14.2/lib/node_modules/typescript/lib/lib.es2016.d.ts","/Users/samuelbanya/.nvm/versions/node/v16.14.2/lib/node_modules/typescript/lib/lib.dom.d.ts","/Users/samuelbanya/.nvm/versions/node/v16.14.2/lib/node_modules/typescript/lib/lib.dom.iterable.d.ts","/Users/samuelbanya/.nvm/versions/node/v16.14.2/lib/node_modules/typescript/lib/lib.webworker.importscripts.d.ts","/Users/samuelbanya/.nvm/versions/node/v16.14.2/lib/node_modules/typescript/lib/lib.scripthost.d.ts","/Users/samuelbanya/.nvm/versions/node/v16.14.2/lib/node_modules/typescript/lib/lib.es2015.core.d.ts","/Users/samuelbanya/.nvm/versions/node/v16.14.2/lib/node_modules/typescript/lib/lib.es2015.collection.d.ts","/Users/samuelbanya/.nvm/versions/node/v16.14.2/lib/node_modules/typescript/lib/lib.es2015.generator.d.ts","/Users/samuelbanya/.nvm/versions/node/v16.14.2/lib/node_modules/typescript/lib/lib.es2015.iterable.d.ts","/Users/samuelbanya/.nvm/versions/node/v16.14.2/lib/node_modules/typescript/lib/lib.es2015.promise.d.ts","/Users/samuelbanya/.nvm/versions/node/v16.14.2/lib/node_modules/typescript/lib/lib.es2015.proxy.d.ts","/Users/samuelbanya/.nvm/versions/node/v16.14.2/lib/node_modules/typescript/lib/lib.es2015.reflect.d.ts","/Users/samuelbanya/.nvm/versions/node/v16.14.2/lib/node_modules/typescript/lib/lib.es2015.symbol.d.ts","/Users/samuelbanya/.nvm/versions/node/v16.14.2/lib/node_modules/typescript/lib/lib.es2015.symbol.wellknown.d.ts","/Users/samuelbanya/.nvm/versions/node/v16.14.2/lib/node_modules/typescript/lib/lib.es2016.array.include.d.ts","/Users/samuelbanya/.nvm/versions/node/v16.14.2/lib/node_modules/typescript/lib/lib.es2016.full.d.ts","/Users/samuelbanya/hub/Development/code/phase-3/SmoothMoves-Frontend/src/About.js"],"compilerOptions":{"module":1,"target":3,"jsx":1,"allowJs":true,"allowSyntheticDefaultImports":true,"allowNonTsExtensions":true,"noEmitForJsFiles":true,"maxNodeModuleJsDepth":2},"typeAcquisition":{"enable":true,"include":[],"exclude":[]},"unresolvedImports":[],"projectRootPath":"/Users/samuelbanya/hub/Development/code/phase-3/SmoothMoves-Frontend/src","kind":"discover"}
[11:42:31.304] Loaded safelist from types map file '/users/samuelbanya/.nvm/versions/node/v16.14.2/lib/node_modules/typescript/lib/typesmap.json'
[11:42:31.305] Explicitly included types: []
[11:42:31.306] Inferred typings from unresolved imports: []
[11:42:31.306] Result: {"cachedTypingPaths":[],"newTypingNames":[],"filesToWatch":["/Users/samuelbanya/hub/Development/code/phase-3/SmoothMoves-Frontend/src/bower_components","/Users/samuelbanya/hub/Development/code/phase-3/SmoothMoves-Frontend/src/node_modules"]}
[11:42:31.306] Finished typings discovery: {"cachedTypingPaths":[],"newTypingNames":[],"filesToWatch":["/Users/samuelbanya/hub/Development/code/phase-3/SmoothMoves-Frontend/src/bower_components","/Users/samuelbanya/hub/Development/code/phase-3/SmoothMoves-Frontend/src/node_modules"]}
[11:42:31.307] DirectoryWatcher:: Added:: WatchInfo: /Users/samuelbanya/hub/Development/code/phase-3/SmoothMoves-Frontend/src/bower_components
[11:42:31.308] DirectoryWatcher:: Added:: WatchInfo: /Users/samuelbanya/hub/Development/code/phase-3/SmoothMoves-Frontend/src/bower_components 1 undefined Project: /dev/null/inferredProject1* watcher already invoked: false
[11:42:31.309] Elapsed:: 0.829662999138236ms DirectoryWatcher:: Added:: WatchInfo: /Users/samuelbanya/hub/Development/code/phase-3/SmoothMoves-Frontend/src/bower_components 1 undefined Project: /dev/null/inferredProject1* watcher already invoked: false
[11:42:31.309] DirectoryWatcher:: Added:: WatchInfo: /Users/samuelbanya/hub/Development/code/phase-3/SmoothMoves-Frontend/src/node_modules
[11:42:31.309] DirectoryWatcher:: Added:: WatchInfo: /Users/samuelbanya/hub/Development/code/phase-3/SmoothMoves-Frontend/src/node_modules 1 undefined Project: /dev/null/inferredProject1* watcher already invoked: false
[11:42:31.309] Elapsed:: 0.12173200026154518ms DirectoryWatcher:: Added:: WatchInfo: /Users/samuelbanya/hub/Development/code/phase-3/SmoothMoves-Frontend/src/node_modules 1 undefined Project: /dev/null/inferredProject1* watcher already invoked: false
[11:42:31.310] Sending response:
    {"projectName":"/dev/null/inferredProject1*","typeAcquisition":{"enable":true,"include":[],"exclude":[]},"compilerOptions":{"module":1,"target":3,"jsx":1,"allowJs":true,"allowSyntheticDefaultImports":true,"allowNonTsExtensions":true,"noEmitForJsFiles":true,"maxNodeModuleJsDepth":2},"typings":[],"unresolvedImports":[],"kind":"action::set"}
[11:42:31.310] Response has been sent.
[11:42:31.310] No new typings were requested as a result of typings discovery
